root [INFO] : start logger
DB [INFO] : try to open AP.db ...
DB [INFO] : check database ...
DB [INFO] : database is ready!
DB [INFO] : backup database to dbDump.xml ...
DB [INFO] : backup finished!
CG [INFO] : check AP ...
CG [INFO] : start generate audio processor ...
CG [INFO] : setup environment for code generation...
CG [INFO] : set file extensions
CG [INFO] : generate AP
CG [INFO] : generate main file
CG [INFO] : generate lib list
CG [INFO] : finished
CG [INFO] : check AP ...
CG [INFO] : start generate audio processor ...
CG [INFO] : setup environment for code generation...
CG [INFO] : set file extensions
CG [INFO] : generate AP
CG [INFO] : generate main file
CG [INFO] : generate lib list
CG [INFO] : finished
root [INFO] : close logger
